<?xml version="1.0" encoding="UTF-8"?>
<testsuite xmlns:xsi="http://www.w3.org/2001/XMLSchema-instance" xsi:noNamespaceSchemaLocation="https://maven.apache.org/surefire/maven-surefire-plugin/xsd/surefire-test-report-3.0.xsd" version="3.0" name="com.javadigest.fetcher.RssFetcherTest" time="0.139" tests="3" errors="0" skipped="0" failures="0">
  <properties>
[...]
</properties>
  <testcase name="testAuthorFiltering_shouldMatchTrackedAuthors" classname="com.javadigest.fetcher.RssFetcherTest" time="0.029"/>
  <testcase name="testConfig_shouldLoadDefaults" classname="com.javadigest.fetcher.RssFetcherTest" time="0.001"/>
  <testcase name="testFeedParsing_shouldExtractEntries" classname="com.javadigest.fetcher.RssFetcherTest" time="0.094"/>
</testsuite>